Looking for git in: git
Using git 2.17.1 from git
> git rev-parse --show-toplevel
> git rev-parse --git-dir
Open repository: /home/vjcworld/Downloads/snapandshoot/snapandshoot
> git status -z -u
> git symbolic-ref --short HEAD
> git rev-parse master
> git rev-parse --symbolic-full-name master@{u}
fatal: no upstream configured for branch 'master'
> git for-each-ref --format %(refname) %(objectname) --sort -committerdate
> git remote --verbose
> git config --get commit.template
> git check-ignore -v -z --stdin
> git check-ignore -v -z --stdin
> git check-ignore -v -z --stdin
> git status -z -u
> git symbolic-ref --short HEAD
> git rev-parse master
> git rev-parse --symbolic-full-name master@{u}
fatal: no upstream configured for branch 'master'
> git for-each-ref --format %(refname) %(objectname) --sort -committerdate
> git remote --verbose
> git config --get commit.template
> git check-ignore -v -z --stdin
> git check-ignore -v -z --stdin
> git show :src/app/app.component.spec.ts
> git show :src/app/app.component.html
> git status -z -u
> git symbolic-ref --short HEAD
> git rev-parse master
> git rev-parse --symbolic-full-name master@{u}
fatal: no upstream configured for branch 'master'
> git for-each-ref --format %(refname) %(objectname) --sort -committerdate
> git remote --verbose
> git config --get commit.template
> git check-ignore -v -z --stdin
> git status -z -u
> git symbolic-ref --short HEAD
> git rev-parse master
> git rev-parse --symbolic-full-name master@{u}
fatal: no upstream configured for branch 'master'
> git for-each-ref --format %(refname) %(objectname) --sort -committerdate
> git remote --verbose
> git config --get commit.template
> git check-ignore -v -z --stdin
> git status -z -u
> git symbolic-ref --short HEAD
> git rev-parse master
> git rev-parse --symbolic-full-name master@{u}
fatal: no upstream configured for branch 'master'
> git for-each-ref --format %(refname) %(objectname) --sort -committerdate
> git remote --verbose
> git config --get commit.template
> git check-ignore -v -z --stdin
> git show :src/assets/js/creative.js
> git ls-files --stage -- src/assets/js/
> git show :src/app/app.component.html
> git status -z -u
> git symbolic-ref --short HEAD
> git rev-parse master
> git rev-parse --symbolic-full-name master@{u}
fatal: no upstream configured for branch 'master'
> git for-each-ref --format %(refname) %(objectname) --sort -committerdate
> git remote --verbose
> git config --get commit.template
> git status -z -u
> git symbolic-ref --short HEAD
> git rev-parse master
> git rev-parse --symbolic-full-name master@{u}
fatal: no upstream configured for branch 'master'
> git for-each-ref --format %(refname) %(objectname) --sort -committerdate
> git remote --verbose
> git config --get commit.template
> git check-ignore -v -z --stdin
> git show :src/app/app.component.html
> git check-ignore -v -z --stdin
> git show :src/main.ts
> git show :src/index.html
> git show :src/app/app.component.html
> git show :src/assets/vendor/magnific-popup/magnific-popup.css
> git ls-files --stage -- src/assets/vendor/magnific-popup/
> git check-ignore -v -z --stdin
> git show :src/app/app.component.html
> git show :src/app/app.component.html
> git show :src/assets/vendor/magnific-popup/magnific-popup.css
> git ls-files --stage -- src/assets/vendor/magnific-popup/
> git show :src/app/app.component.html
> git show :angular.json
> git show :src/app/app.component.html
> git show :angular.json
> git show :src/app/app.component.html
> git show :angular.json
> git show :src/app/app.component.html
> git show :src/assets/creative.css
> git ls-files --stage -- src/assets/
> git show :src/assets/creative.min.css
> git ls-files --stage -- src/assets/
> git show :angular.json
> git check-ignore -v -z --stdin
> git check-ignore -v -z --stdin
> git check-ignore -v -z --stdin
> git check-ignore -v -z --stdin
> git check-ignore -v -z --stdin
> git show :src/styles.css
> git show :angular.json
> git show :src/app/app.component.css
> git show :src/app/app.component.html
> git show :src/assets/vendor/fontawesome-free/css/all.min.css
> git ls-files --stage -- src/assets/vendor/fontawesome-free/css/
> git check-ignore -v -z --stdin
> git check-ignore -v -z --stdin
> git show :src/app/app.component.html
> git show :angular.json
> git check-ignore -v -z --stdin
> git show :src/app/app.module.ts
> git show :angular.json
> git check-ignore -v -z --stdin
> git check-ignore -v -z --stdin
> git check-ignore -v -z --stdin
> git show :node_modules/md5.js/index.js
> git ls-files --stage -- node_modules/md5.js/
> git check-ignore -v -z --stdin
> git show :node_modules/map-visit/index.js
> git ls-files --stage -- node_modules/map-visit/
> git check-ignore -v -z --stdin
> git check-ignore -v -z --stdin
> git show :src/app/app.module.ts
> git check-ignore -v -z --stdin
> git check-ignore -v -z --stdin
> git check-ignore -v -z --stdin
> git check-ignore -v -z --stdin
> git check-ignore -v -z --stdin
> git check-ignore -v -z --stdin
> git show :angular.json
> git check-ignore -v -z --stdin
> git check-ignore -v -z --stdin
> git check-ignore -v -z --stdin
> git check-ignore -v -z --stdin
> git check-ignore -v -z --stdin
> git check-ignore -v -z --stdin
> git check-ignore -v -z --stdin
> git check-ignore -v -z --stdin
> git show :node_modules/angular-bootstrap-md/assets/scss/bootstrap/bootstrap.scss
> git ls-files --stage -- node_modules/angular-bootstrap-md/assets/scss/bootstrap/
> git show :angular.json
> git show :src/app/app.component.html
> git show :browserslist
> git show :angular.json
> git rev-parse --show-toplevel
fatal: not a git repository (or any of the parent directories): .git
> git show :src/assets/gallery-grid.css
> git ls-files --stage -- src/assets/
> git check-ignore -v -z --stdin
> git show :src/app/app.component.html
> git rev-parse --show-toplevel
fatal: not a git repository (or any of the parent directories): .git
> git show :src/app/app.component.html
> git rev-parse --show-toplevel
fatal: not a git repository (or any of the parent directories): .git
> git show :src/index.html
> git show :src/app/app.component.html
> git rev-parse --show-toplevel
fatal: not a git repository (or any of the parent directories): .git
> git rev-parse --show-toplevel
fatal: not a git repository (or any of the parent directories): .git
> git check-ignore -v -z --stdin
